3000 -6369676.73033 -10.097115
4000 -6376680.0445 -10.2181775
5000 -6406979.59146 -10.3016475
5 -6633940.61586 -8.712725
10 -6637950.67979 -8.88538
20 -6628217.28384 -8.97556
40 -6576784.9494 -9.0623225
80 -6564313.98371 -9.139
160 -6532594.46951 -9.2306525
320 -6472072.66022 -9.3478675
640 -6402681.44431 -9.513695
1280 -6384034.41669 -9.7437025
2560 -6373319.19582 -10.027155
2700 -6369056.00833 -10.0472425
2900 -6384340.87171 -10.0787375
3100 -6381150.54082 -10.10725
3200 -6369584.98971 -10.1222075
2800 -6364510.85538 -10.0647375
2600 -6379137.05054 -10.036455
3300 -6362872.0171 -10.1360525
3400 -6382783.70152 -10.1470075
3500 -6375138.1456 -10.1579825
3600 -6381804.51415 -10.171205
